iter   1  loss=5.102790e+02  |grad| pre=8.183e+03 post=1.000e+02
iter  10  loss=2.637425e+02  |grad| pre=4.744e+03 post=1.000e+02
iter  20  loss=1.038079e+02  |grad| pre=2.481e+03 post=1.000e+02
iter  30  loss=4.130112e+01  |grad| pre=1.104e+03 post=1.000e+02
iter  40  loss=1.485409e+01  |grad| pre=6.570e+02 post=1.000e+02
iter  50  loss=2.906997e+00  |grad| pre=2.017e+02 post=1.000e+02
iter  60  loss=1.098230e+00  |grad| pre=8.606e+01 post=8.606e+01
iter  70  loss=6.206324e-01  |grad| pre=7.975e+01 post=7.975e+01
iter  80  loss=3.154706e-01  |grad| pre=3.801e+01 post=3.801e+01
iter  90  loss=1.673567e-01  |grad| pre=2.096e+01 post=2.096e+01
iter 100  loss=1.034180e-01  |grad| pre=1.369e+01 post=1.369e+01
iter 110  loss=6.297150e-02  |grad| pre=1.112e+01 post=1.112e+01
iter 120  loss=4.253294e-02  |grad| pre=7.446e+00 post=7.446e+00
iter 130  loss=3.508734e-02  |grad| pre=5.145e+01 post=5.145e+01
iter 140  loss=2.513771e-02  |grad| pre=2.704e+01 post=2.704e+01
iter 150  loss=2.082956e-02  |grad| pre=2.613e+01 post=2.613e+01
iter 160  loss=1.681009e-02  |grad| pre=1.321e+01 post=1.321e+01
iter 170  loss=1.427103e-02  |grad| pre=1.297e+01 post=1.297e+01
iter 180  loss=1.210375e-02  |grad| pre=1.070e+01 post=1.070e+01
iter 190  loss=1.263032e-02  |grad| pre=3.782e+01 post=3.782e+01
iter 200  loss=9.562971e-03  |grad| pre=2.122e+01 post=2.122e+01
iter 210  loss=8.919717e-03  |grad| pre=2.683e+01 post=2.683e+01
iter 220  loss=7.433309e-03  |grad| pre=2.007e+01 post=2.007e+01
iter 230  loss=5.999111e-03  |grad| pre=4.931e+00 post=4.931e+00
iter 240  loss=7.930058e-03  |grad| pre=3.919e+01 post=3.919e+01
iter 250  loss=5.420156e-03  |grad| pre=1.986e+01 post=1.986e+01
iter 260  loss=6.019600e-03  |grad| pre=3.159e+01 post=3.159e+01
iter 270  loss=4.411592e-03  |grad| pre=1.711e+01 post=1.711e+01
iter 280  loss=3.882208e-03  |grad| pre=1.346e+01 post=1.346e+01
iter 290  loss=3.405983e-03  |grad| pre=9.031e+00 post=9.031e+00
iter 300  loss=6.013873e-03  |grad| pre=4.186e+01 post=4.186e+01
iter 310  loss=2.885567e-03  |grad| pre=3.661e+00 post=3.661e+00
iter 320  loss=2.778775e-03  |grad| pre=4.073e+00 post=4.073e+00
iter 330  loss=2.684812e-03  |grad| pre=4.986e+00 post=4.986e+00
iter 340  loss=2.582802e-03  |grad| pre=5.059e+00 post=5.059e+00
iter 350  loss=2.464565e-03  |grad| pre=3.920e+00 post=3.920e+00
iter 360  loss=2.347389e-03  |grad| pre=1.851e+00 post=1.851e+00
iter 370  loss=2.247992e-03  |grad| pre=3.602e-01 post=3.602e-01
iter 380  loss=2.158542e-03  |grad| pre=8.490e-01 post=8.490e-01
iter 390  loss=2.070457e-03  |grad| pre=4.468e-01 post=4.468e-01
iter 400  loss=1.985763e-03  |grad| pre=3.928e-01 post=3.928e-01
iter 410  loss=1.903830e-03  |grad| pre=3.408e-01 post=3.408e-01
iter 420  loss=1.825114e-03  |grad| pre=3.310e-01 post=3.310e-01
iter 430  loss=1.748593e-03  |grad| pre=3.066e-01 post=3.066e-01
iter 440  loss=1.674767e-03  |grad| pre=2.996e-01 post=2.996e-01
iter 450  loss=1.603537e-03  |grad| pre=2.918e-01 post=2.918e-01
iter 460  loss=1.535002e-03  |grad| pre=2.841e-01 post=2.841e-01
iter 470  loss=1.468824e-03  |grad| pre=2.768e-01 post=2.768e-01
iter 480  loss=1.404718e-03  |grad| pre=2.698e-01 post=2.698e-01
iter 490  loss=1.343243e-03  |grad| pre=2.629e-01 post=2.629e-01
iter 500  loss=1.283741e-03  |grad| pre=2.563e-01 post=2.563e-01
iter 510  loss=1.226693e-03  |grad| pre=2.496e-01 post=2.496e-01
iter 520  loss=1.171368e-03  |grad| pre=2.431e-01 post=2.431e-01
iter 530  loss=1.118644e-03  |grad| pre=2.367e-01 post=2.367e-01
iter 540  loss=1.067492e-03  |grad| pre=2.305e-01 post=2.305e-01
iter 550  loss=1.018581e-03  |grad| pre=2.243e-01 post=2.243e-01
iter 560  loss=9.715212e-04  |grad| pre=2.184e-01 post=2.184e-01
iter 570  loss=9.264231e-04  |grad| pre=2.126e-01 post=2.126e-01
iter 580  loss=8.831609e-04  |grad| pre=2.067e-01 post=2.067e-01
iter 590  loss=8.416530e-04  |grad| pre=2.011e-01 post=2.011e-01
iter 600  loss=8.016401e-04  |grad| pre=1.957e-01 post=1.957e-01
iter 610  loss=7.637676e-04  |grad| pre=1.902e-01 post=1.902e-01
iter 620  loss=7.272249e-04  |grad| pre=1.848e-01 post=1.848e-01
